11:24:54.939 [background-preinit] INFO  org.hibernate.validator.internal.util.Version - HV000001: Hibernate Validator 8.0.1.Final
11:24:54.970 [main] INFO  com.fintechband.PaymentServiceApplication - Starting PaymentServiceApplication using Java 17.0.9 with PID 10020 (C:\Java\projects\bus-route-service\payment-service\build\classes\java\main started by limitless in C:\Java\projects\bus-route-service)
11:24:54.974 [main] INFO  com.fintechband.PaymentServiceApplication - No active profile set, falling back to 1 default profile: "default"
11:24:55.415 [main] INFO  org.springframework.data.repository.config.RepositoryConfigurationDelegate - Bootstrapping Spring Data JPA repositories in DEFAULT mode.
11:24:55.465 [main] INFO  org.springframework.data.repository.config.RepositoryConfigurationDelegate - Finished Spring Data repository scanning in 43 ms. Found 1 JPA repository interface.
11:24:55.849 [main] INFO  org.springframework.boot.web.embedded.tomcat.TomcatWebServer - Tomcat initialized with port 8081 (http)
11:24:55.856 [main] INFO  org.apache.coyote.http11.Http11NioProtocol - Initializing ProtocolHandler ["http-nio-8081"]
11:24:55.858 [main] INFO  org.apache.catalina.core.StandardService - Starting service [Tomcat]
11:24:55.858 [main] INFO  org.apache.catalina.core.StandardEngine - Starting Servlet engine: [Apache Tomcat/10.1.18]
11:24:55.895 [main] INFO  org.apache.catalina.core.ContainerBase.[Tomcat].[localhost].[/] - Initializing Spring embedded WebApplicationContext
11:24:55.896 [main] INFO  org.springframework.boot.web.servlet.context.ServletWebServerApplicationContext - Root WebApplicationContext: initialization completed in 895 ms
11:24:56.002 [main] INFO  org.hibernate.jpa.internal.util.LogHelper - HHH000204: Processing PersistenceUnitInfo [name: default]
11:24:56.045 [main] INFO  org.hibernate.Version - HHH000412: Hibernate ORM core version 6.4.1.Final
11:24:56.073 [main] INFO  org.hibernate.cache.internal.RegionFactoryInitiator - HHH000026: Second-level cache disabled
11:24:56.237 [main] INFO  org.springframework.orm.jpa.persistenceunit.SpringPersistenceUnitInfo - No LoadTimeWeaver setup: ignoring JPA class transformer
11:24:56.258 [main] INFO  com.zaxxer.hikari.HikariDataSource - HikariPool-1 - Starting...
11:24:56.383 [main] INFO  com.zaxxer.hikari.pool.HikariPool - HikariPool-1 - Added connection org.postgresql.jdbc.PgConnection@7cd1ec54
11:24:56.384 [main] INFO  com.zaxxer.hikari.HikariDataSource - HikariPool-1 - Start completed.
11:24:56.411 [main] WARN  org.hibernate.orm.deprecation - HHH90000025: PostgreSQLDialect does not need to be specified explicitly using 'hibernate.dialect' (remove the property setting and it will be selected by default)
11:24:56.991 [main] INFO  org.hibernate.engine.transaction.jta.platform.internal.JtaPlatformInitiator - HHH000489: No JTA platform available (set 'hibernate.transaction.jta.platform' to enable JTA platform integration)
11:24:57.024 [main] INFO  org.springframework.orm.jpa.LocalContainerEntityManagerFactoryBean - Initialized JPA EntityManagerFactory for persistence unit 'default'
11:24:57.234 [main] WARN  org.springframework.boot.autoconfigure.orm.jpa.JpaBaseConfiguration$JpaWebConfiguration - spring.jpa.open-in-view is enabled by default. Therefore, database queries may be performed during view rendering. Explicitly configure spring.jpa.open-in-view to disable this warning
11:24:57.456 [main] INFO  org.apache.coyote.http11.Http11NioProtocol - Starting ProtocolHandler ["http-nio-8081"]
11:24:57.470 [main] INFO  org.springframework.boot.web.embedded.tomcat.TomcatWebServer - Tomcat started on port 8081 (http) with context path ''
11:24:57.477 [main] INFO  com.fintechband.PaymentServiceApplication - Started PaymentServiceApplication in 2.737 seconds (process running for 3.196)
11:25:06.513 [http-nio-8081-exec-1] INFO  org.apache.catalina.core.ContainerBase.[Tomcat].[localhost].[/] - Initializing Spring DispatcherServlet 'dispatcherServlet'
11:25:06.513 [http-nio-8081-exec-1] INFO  org.springframework.web.servlet.DispatcherServlet - Initializing Servlet 'dispatcherServlet'
11:25:06.514 [http-nio-8081-exec-1] INFO  org.springframework.web.servlet.DispatcherServlet - Completed initialization in 0 ms
11:25:06.606 [http-nio-8081-exec-1] INFO  com.fintechband.controllers.PaymentController - Received payment creation request with PAYLOAD : com.fintechband.dto.PaymentDTO@684cd34e
11:26:56.757 [http-nio-8081-exec-2] INFO  com.fintechband.controllers.PaymentController - Received payment creation request with PAYLOAD : PaymentDTO(payersName=i, amount=450)
11:30:12.720 [http-nio-8081-exec-4] INFO  com.fintechband.controllers.PaymentController - Received payment status request with PAYLOAD : f60b6873-9a97-4289-890c-4a6e0b713a08
11:31:12.654 [http-nio-8081-exec-1] INFO  com.fintechband.controllers.PaymentController - Received payment status request with PAYLOAD : f60b6873-9a97-4289-890c-4a6e0b713a08
11:32:37.188 [http-nio-8081-exec-4] INFO  com.fintechband.controllers.PaymentController - Received payment status request with PAYLOAD : f60b6873-9a97-4289-890c-4a6e0b713a08
11:32:37.229 [http-nio-8081-exec-4] DEBUG com.fintechband.exceptions.PaymentServiceExceptionHandler - com.fintechband.exceptions.PaymentNotFoundException: Payment with id f60b6873-9a97-4289-890c-4a6e0b713a08 wasn't found!
